#
# A fatal error has been detected by the Java Runtime Environment:
#
#  SIGSEGV (0xb) at pc=0x0000000108c4ec3c, pid=18271, tid=0x0000000000003507
#
# JRE version: Java(TM) SE Runtime Environment (8.0_212-b10) (build 1.8.0_212-b10)
# Java VM: Java HotSpot(TM) 64-Bit Server VM (25.212-b10 mixed mode bsd-amd64 compressed oops)
# Problematic frame:
# V  [libjvm.dylib+0x24ec3c]
#
# Failed to write core dump. Core dumps have been disabled. To enable core dumping, try "ulimit -c unlimited" before starting Java again
#
# If you would like to submit a bug report, please visit:
#   http://bugreport.java.com/bugreport/crash.jsp
#

---------------  T H R E A D  ---------------

Current thread (0x00007f9047015800):  JavaThread "JDWP Transport Listener: dt_socket" daemon [_thread_in_vm, id=13575, stack(0x0000700008908000,0x0000700008a08000)]

siginfo: si_signo: 11 (SIGSEGV), si_code: 1 (SEGV_MAPERR), si_addr: 0x0000000000000005

Registers:
RAX=0x0000000000000005, RBX=0x0000700008a06d90, RCX=0xed6a3b3ff8000a7d, RDX=0x0000000111cfb620
RSP=0x0000700008a06d00, RBP=0x0000700008a06d20, RSI=0x00007f90479e1a18, RDI=0x00007f90479e1a18
R8 =0x00007f90479e1aa8, R9 =0x0000700008a06e20, R10=0x0000700007f1b6e8, R11=0xfffff06fc1025378
R12=0x0000700008a06d90, R13=0x00007f9047015800, R14=0x0000700008a06dc0, R15=0x00007f90479e1a18
RIP=0x0000000108c4ec3c, EFLAGS=0x0000000000010246, ERR=0x0000000000000004
  TRAPNO=0x000000000000000e

Top of Stack: (sp=0x0000700008a06d00)
0x0000700008a06d00:   0000700008a06dc0 00007f9046705dc0
0x0000700008a06d10:   0000700008a06d90 0000700008a073b0
0x0000700008a06d20:   0000700008a06d80 0000000108c4d640
0x0000700008a06d30:   0000700008a06d70 0000000108c4e9c4
0x0000700008a06d40:   0000000000007fe8 0000700008a06e10
0x0000700008a06d50:   0000700008a06e10 00007f90479e1410
0x0000700008a06d60:   00007f9046705dc0 00007f90479e1a10
0x0000700008a06d70:   00000000000004e8 0000700008a073b0
0x0000700008a06d80:   0000700008a07380 0000000108faefa2
0x0000700008a06d90:   000000076b51d9e8 ed6a3b3ff8000a7d
0x0000700008a06da0:   0000000000000000 0000000100000000
0x0000700008a06db0:   0000000000000005 000000076b51d9e8
0x0000700008a06dc0:   00007f90479e1980 0000000000000000
0x0000700008a06dd0:   0000000000000000 0000000000000000
0x0000700008a06de0:   0000000000000000 0000000000000000
0x0000700008a06df0:   0000000000000000 000000000000000a
0x0000700008a06e00:   00007f90479e1f20 0000000000000010
0x0000700008a06e10:   0000700007f1b6e8 0000700007f1b6e8
0x0000700008a06e20:   00007f90479e1b50 00007f90479e1be0
0x0000700008a06e30:   00007f90479e1c70 00007f90479e1cb0
0x0000700008a06e40:   00007f90479e1d70 00007f90479e1db0
0x0000700008a06e50:   00007f90479e1e60 00000001092c2b80
0x0000700008a06e60:   ffffffffffffffff 0000000000000003
0x0000700008a06e70:   0000000000000000 0000000000001c46
0x0000700008a06e80:   0000000000000000 00007f90471baa50
0x0000700008a06e90:   0000000000000000 000000010921f000
0x0000700008a06ea0:   0000000006834093 ffffffffffffffff
0x0000700008a06eb0:   0000000000000000 00000000000002a8
0x0000700008a06ec0:   000000000000000c 00000001092c1c80
0x0000700008a06ed0:   000000000000c01b 0000000000030023
0x0000700008a06ee0:   0000000000000000 0000000000001c48
0x0000700008a06ef0:   00007f9048255d10 00007f90479e1b20 

Instructions: (pc=0x0000000108c4ec3c)
0x0000000108c4ec1c:   fd ff ff eb 77 49 83 7f 10 00 74 10 4c 89 e7 4c
0x0000000108c4ec2c:   89 fe 4c 89 f2 e8 06 fe ff ff eb 60 49 8b 47 20
0x0000000108c4ec3c:   48 8b 08 48 8b 78 08 48 83 c0 10 49 89 04 24 49
0x0000000108c4ec4c:   89 44 24 28 49 89 4c 24 20 49 89 7c 24 08 e8 83 

Register to memory mapping:

RAX=0x0000000000000005 is an unknown value
RBX=0x0000700008a06d90 is pointing into the stack for thread: 0x00007f9047015800
RCX=0xed6a3b3ff8000a7d is an unknown value
RDX=0x0000000111cfb620 is an unknown value
RSP=0x0000700008a06d00 is pointing into the stack for thread: 0x00007f9047015800
RBP=0x0000700008a06d20 is pointing into the stack for thread: 0x00007f9047015800
RSI=0x00007f90479e1a18 is an unknown value
RDI=0x00007f90479e1a18 is an unknown value
R8 =0x00007f90479e1aa8 is an unknown value
R9 =0x0000700008a06e20 is pointing into the stack for thread: 0x00007f9047015800
R10=0x0000700007f1b6e8 is pointing into the stack for thread: 0x00007f9047008800
R11=0xfffff06fc1025378 is an unknown value
R12=0x0000700008a06d90 is pointing into the stack for thread: 0x00007f9047015800
R13=0x00007f9047015800 is a thread
R14=0x0000700008a06dc0 is pointing into the stack for thread: 0x00007f9047015800
R15=0x00007f90479e1a18 is an unknown value


Stack: [0x0000700008908000,0x0000700008a08000],  sp=0x0000700008a06d00,  free space=1019k
Native frames: (J=compiled Java code, j=interpreted, Vv=VM code, C=native code)
V  [libjvm.dylib+0x24ec3c]
V  [libjvm.dylib+0x24d640]
V  [libjvm.dylib+0x5aefa2]
V  [libjvm.dylib+0x5aea49]
V  [libjvm.dylib+0x38f452]
V  [libjvm.dylib+0x38f7cb]
V  [libjvm.dylib+0x38b1e2]
V  [libjvm.dylib+0x360ce7]
C  [libjdwp.dylib+0x8666]  frames+0x1f5
C  [libjdwp.dylib+0xe50c]  debugLoop_run+0x1c2
C  [libjdwp.dylib+0x1f5de]  attachThread+0x4d
V  [libjvm.dylib+0x39d9d0]
V  [libjvm.dylib+0x570b93]
V  [libjvm.dylib+0x57228e]
V  [libjvm.dylib+0x48f30a]
C  [libsystem_pthread.dylib+0x6109]  _pthread_start+0x94
C  [libsystem_pthread.dylib+0x1b8b]  thread_start+0xf
C  0x0000000000000000


---------------  P R O C E S S  ---------------

Java Threads: ( => current thread )
  0x00007f9048210000 JavaThread "SIGTERM handler" daemon [_thread_blocked, id=14087, stack(0x0000700008b0e000,0x0000700008c0e000)]
  0x00007f9047160800 JavaThread "Attach Listener" daemon [_thread_blocked, id=16643, stack(0x0000700009120000,0x0000700009220000)]
  0x00007f9047942000 JavaThread "Service Thread" daemon [_thread_blocked, id=16899, stack(0x0000700008f1a000,0x000070000901a000)]
  0x00007f9047949000 JavaThread "C1 CompilerThread2" daemon [_thread_blocked, id=14851, stack(0x0000700008e17000,0x0000700008f17000)]
  0x00007f9047948000 JavaThread "C2 CompilerThread1" daemon [_thread_blocked, id=17411, stack(0x0000700008d14000,0x0000700008e14000)]
  0x00007f90481ab000 JavaThread "C2 CompilerThread0" daemon [_thread_blocked, id=17667, stack(0x0000700008c11000,0x0000700008d11000)]
  0x00007f9046851000 JavaThread "JDWP Event Helper Thread" daemon [_thread_blocked, id=18179, stack(0x0000700008a0b000,0x0000700008b0b000)]
=>0x00007f9047015800 JavaThread "JDWP Transport Listener: dt_socket" daemon [_thread_in_vm, id=13575, stack(0x0000700008908000,0x0000700008a08000)]
  0x00007f9047811800 JavaThread "Signal Dispatcher" daemon [_thread_blocked, id=18691, stack(0x0000700008805000,0x0000700008905000)]
  0x00007f9046833000 JavaThread "Finalizer" daemon [_thread_blocked, id=11779, stack(0x00007000085fc000,0x00007000086fc000)]
  0x00007f9048018800 JavaThread "Reference Handler" daemon [_thread_blocked, id=11523, stack(0x00007000084f9000,0x00007000085f9000)]
  0x00007f9047008800 JavaThread "main" [_thread_in_Java, id=3587, stack(0x0000700007ee7000,0x0000700007fe7000)]

Other Threads:
  0x00007f904682c800 VMThread [stack: 0x00007000083f6000,0x00007000084f6000] [id=21507]

VM state:not at safepoint (normal execution)

VM Mutex/Monitor currently owned by a thread: None

OutOfMemory and StackOverflow Exception counts:
StackOverflowErrors=1

heap address: 0x00000006c0000000, size: 4096 MB, Compressed Oops mode: Zero based, Oop shift amount: 3
Narrow klass base: 0x0000000000000000, Narrow klass shift: 3
Compressed class space size: 1073741824 Address: 0x00000007c0000000

Heap:
 PSYoungGen      total 76288K, used 15749K [0x000000076ab00000, 0x0000000770000000, 0x00000007c0000000)
  eden space 65536K, 24% used [0x000000076ab00000,0x000000076ba61748,0x000000076eb00000)
  from space 10752K, 0% used [0x000000076f580000,0x000000076f580000,0x0000000770000000)
  to   space 10752K, 0% used [0x000000076eb00000,0x000000076eb00000,0x000000076f580000)
 ParOldGen       total 175104K, used 0K [0x00000006c0000000, 0x00000006cab00000, 0x000000076ab00000)
  object space 175104K, 0% used [0x00000006c0000000,0x00000006c0000000,0x00000006cab00000)
 Metaspace       used 5394K, capacity 5490K, committed 5760K, reserved 1056768K
  class space    used 561K, capacity 593K, committed 640K, reserved 1048576K

Card table byte_map: [0x0000000109d79000,0x000000010a57a000] byte_map_base: 0x0000000106779000

Marking Bits: (ParMarkBitMap*) 0x00000001092fbe40
 Begin Bits: [0x0000000120cb6000, 0x0000000124cb6000)
 End Bits:   [0x0000000124cb6000, 0x0000000128cb6000)

Polling page: 0x0000000108102000

CodeCache: size=245760Kb used=1816Kb max_used=1829Kb free=243943Kb
 bounds [0x0000000111cb6000, 0x0000000111f26000, 0x0000000120cb6000]
 total_blobs=565 nmethods=277 adapters=210
 compilation: enabled

Compilation events (10 events):
Event: 3.513 Thread 0x00007f9047949000  196       3       java.util.Hashtable$Enumerator::hasMoreElements (53 bytes)
Event: 3.513 Thread 0x00007f9047949000 nmethod 196 0x0000000111e37910 code [0x0000000111e37a80, 0x0000000111e37d70]
Event: 3.513 Thread 0x00007f9047949000  200       3       java.util.Properties::saveConvert (434 bytes)
Event: 3.516 Thread 0x00007f9047948000 nmethod 191 0x0000000111e3ad50 code [0x0000000111e3aec0, 0x0000000111e3b248]
Event: 3.518 Thread 0x00007f90481ab000 nmethod 192 0x0000000111e3a250 code [0x0000000111e3a3c0, 0x0000000111e3aa08]
Event: 3.521 Thread 0x00007f9047949000 nmethod 200 0x0000000111e3d1d0 code [0x0000000111e3dd40, 0x0000000111e47ff8]
Event: 3.521 Thread 0x00007f9047949000  198       1       java.util.Hashtable::access$500 (5 bytes)
Event: 3.521 Thread 0x00007f9047949000 nmethod 198 0x0000000111e39f90 code [0x0000000111e3a0e0, 0x0000000111e3a1d0]
Event: 3.521 Thread 0x00007f9047949000  197       3       java.util.Hashtable$Enumerator::nextElement (111 bytes)
Event: 3.522 Thread 0x00007f9047949000 nmethod 197 0x0000000111e39750 code [0x0000000111e39900, 0x0000000111e39d88]

GC Heap History (0 events):
No events

Deoptimization events (0 events):
No events

Classes redefined (0 events):
No events

Internal exceptions (10 events):
Event: 0.037 Thread 0x00007f9047008800 Exception <a 'java/lang/NoSuchMethodError': Method sun.misc.Unsafe.prefetchRead(Ljava/lang/Object;J)V name or signature does not match> (0x000000076ab07f98) thrown at [/Users/java_re/workspace/8-2-build-macosx-x86_64/jdk8u212/12974/hotspot/src/share/vm/pr
Event: 0.286 Thread 0x00007f9047008800 Exception <a 'java/security/PrivilegedActionException'> (0x000000076ae125e0) thrown at [/Users/java_re/workspace/8-2-build-macosx-x86_64/jdk8u212/12974/hotspot/src/share/vm/prims/jvm.cpp, line 1502]
Event: 0.286 Thread 0x00007f9047008800 Exception <a 'java/security/PrivilegedActionException'> (0x000000076ae127f0) thrown at [/Users/java_re/workspace/8-2-build-macosx-x86_64/jdk8u212/12974/hotspot/src/share/vm/prims/jvm.cpp, line 1502]
Event: 0.286 Thread 0x00007f9047008800 Exception <a 'java/security/PrivilegedActionException'> (0x000000076ae135d8) thrown at [/Users/java_re/workspace/8-2-build-macosx-x86_64/jdk8u212/12974/hotspot/src/share/vm/prims/jvm.cpp, line 1502]
Event: 0.286 Thread 0x00007f9047008800 Exception <a 'java/security/PrivilegedActionException'> (0x000000076ae137e8) thrown at [/Users/java_re/workspace/8-2-build-macosx-x86_64/jdk8u212/12974/hotspot/src/share/vm/prims/jvm.cpp, line 1502]
Event: 3.502 Thread 0x00007f9047160800 Exception <a 'java/security/PrivilegedActionException'> (0x000000076b6e64a8) thrown at [/Users/java_re/workspace/8-2-build-macosx-x86_64/jdk8u212/12974/hotspot/src/share/vm/prims/jvm.cpp, line 1502]
Event: 3.503 Thread 0x00007f9047160800 Exception <a 'java/security/PrivilegedActionException'> (0x000000076b6e68a0) thrown at [/Users/java_re/workspace/8-2-build-macosx-x86_64/jdk8u212/12974/hotspot/src/share/vm/prims/jvm.cpp, line 1502]
Event: 3.503 Thread 0x00007f9047160800 Exception <a 'java/security/PrivilegedActionException'> (0x000000076b6e9db8) thrown at [/Users/java_re/workspace/8-2-build-macosx-x86_64/jdk8u212/12974/hotspot/src/share/vm/prims/jvm.cpp, line 1502]
Event: 3.503 Thread 0x00007f9047160800 Exception <a 'java/security/PrivilegedActionException'> (0x000000076b6ea1b0) thrown at [/Users/java_re/workspace/8-2-build-macosx-x86_64/jdk8u212/12974/hotspot/src/share/vm/prims/jvm.cpp, line 1502]
Event: 36.516 Thread 0x00007f9047008800 Exception <a 'java/lang/StackOverflowError'> (0x000000076b51d9d8) thrown at [/Users/java_re/workspace/8-2-build-macosx-x86_64/jdk8u212/12974/hotspot/src/share/vm/interpreter/interpreterRuntime.cpp, line 325]

Events (10 events):
Event: 36.482 Executing VM operation: EnterInterpOnlyMode
Event: 36.482 Executing VM operation: EnterInterpOnlyMode done
Event: 45.712 Thread 0x00007f904780e000 Thread exited: 0x00007f904780e000
Event: 45.760 loading class sun/misc/Signal$1
Event: 45.760 loading class sun/misc/Signal$1 done
Event: 45.760 Thread 0x00007f9048210000 Thread added: 0x00007f9048210000
Event: 45.761 loading class java/lang/Shutdown
Event: 45.761 loading class java/lang/Shutdown done
Event: 45.761 loading class java/lang/Shutdown$Lock
Event: 45.761 loading class java/lang/Shutdown$Lock done


Dynamic libraries:
0x00007fff2f5d7000 	/System/Library/Frameworks/Cocoa.framework/Versions/A/Cocoa
0x00007fff3cdd0000 	/System/Library/Frameworks/Security.framework/Versions/A/Security
0x00007fff2e53c000 	/System/Library/Frameworks/ApplicationServices.framework/Versions/A/ApplicationServices
0x00007fff698f4000 	/usr/lib/libz.1.dylib
0x00007fff673b8000 	/usr/lib/libSystem.B.dylib
0x00007fff69218000 	/usr/lib/libobjc.A.dylib
0x00007fff30479000 	/System/Library/Frameworks/CoreFoundation.framework/Versions/A/CoreFoundation
0x00007fff32b36000 	/System/Library/Frameworks/Foundation.framework/Versions/C/Foundation
0x00007fff2d72c000 	/System/Library/Frameworks/AppKit.framework/Versions/C/AppKit
0x00007fff2ff5b000 	/System/Library/Frameworks/CoreData.framework/Versions/A/CoreData
0x00007fff613cd000 	/System/Library/PrivateFrameworks/UIFoundation.framework/Versions/A/UIFoundation
0x00007fff5c461000 	/System/Library/PrivateFrameworks/RemoteViewServices.framework/Versions/A/RemoteViewServices
0x00007fff63f28000 	/System/Library/PrivateFrameworks/XCTTargetBootstrap.framework/Versions/A/XCTTargetBootstrap
0x00007fff30346000 	/System/Library/Frameworks/CoreDisplay.framework/Versions/A/CoreDisplay
0x00007fff359f1000 	/System/Library/Frameworks/Metal.framework/Versions/A/Metal
0x00007fff4a464000 	/System/Library/PrivateFrameworks/DesktopServicesPriv.framework/Versions/A/DesktopServicesPriv
0x00007fff684f3000 	/usr/lib/liblangid.dylib
0x00007fff496f9000 	/System/Library/PrivateFrameworks/CoreSVG.framework/Versions/A/CoreSVG
0x00007fff5f5bd000 	/System/Library/PrivateFrameworks/SkyLight.framework/Versions/A/SkyLight
0x00007fff308fa000 	/System/Library/Frameworks/CoreGraphics.framework/Versions/A/CoreGraphics
0x00007fff2c100000 	/System/Library/Frameworks/Accelerate.framework/Versions/A/Accelerate
0x00007fff697e5000 	/usr/lib/libxml2.2.dylib
0x00007fff553ec000 	/System/Library/PrivateFrameworks/IconServices.framework/Versions/A/IconServices
0x00007fff33315000 	/System/Library/Frameworks/IOSurface.framework/Versions/A/IOSurface
0x00007fff66ee2000 	/usr/lib/libDiagnosticMessagesClient.dylib
0x00007fff4a2be000 	/System/Library/PrivateFrameworks/DFRFoundation.framework/Versions/A/DFRFoundation
0x00007fff68282000 	/usr/lib/libicucore.A.dylib
0x00007fff2e86e000 	/System/Library/Frameworks/AudioToolbox.framework/Versions/A/AudioToolbox
0x00007fff2e951000 	/System/Library/Frameworks/AudioUnit.framework/Versions/A/AudioUnit
0x00007fff675ba000 	/usr/lib/libauto.dylib
0x00007fff4a360000 	/System/Library/PrivateFrameworks/DataDetectorsCore.framework/Versions/A/DataDetectorsCore
0x00007fff2f0f8000 	/System/Library/Frameworks/Carbon.framework/Versions/A/Frameworks/HIToolbox.framework/Versions/A/HIToolbox
0x00007fff3bfca000 	/System/Library/Frameworks/QuartzCore.framework/Versions/A/QuartzCore
0x00007fff2f437000 	/System/Library/Frameworks/Carbon.framework/Versions/A/Frameworks/SpeechRecognition.framework/Versions/A/SpeechRecognition
0x00007fff49dd2000 	/System/Library/PrivateFrameworks/CoreUI.framework/Versions/A/CoreUI
0x00007fff2f9c6000 	/System/Library/Frameworks/CoreAudio.framework/Versions/A/CoreAudio
0x00007fff327f5000 	/System/Library/Frameworks/DiskArbitration.framework/Versions/A/DiskArbitration
0x00007fff5743c000 	/System/Library/PrivateFrameworks/MultitouchSupport.framework/Versions/A/MultitouchSupport
0x00007fff68149000 	/usr/lib/libenergytrace.dylib
0x00007fff3326f000 	/System/Library/Frameworks/IOKit.framework/Versions/A/IOKit
0x00007fff31861000 	/System/Library/Frameworks/CoreServices.framework/Versions/A/CoreServices
0x00007fff595f4000 	/System/Library/PrivateFrameworks/PerformanceAnalysis.framework/Versions/A/PerformanceAnalysis
0x00007fff3affd000 	/System/Library/Frameworks/OpenGL.framework/Versions/A/OpenGL
0x00007fff2f5e5000 	/System/Library/Frameworks/ColorSync.framework/Versions/A/ColorSync
0x00007fff30f7d000 	/System/Library/Frameworks/CoreImage.framework/Versions/A/CoreImage
0x00007fff322d4000 	/System/Library/Frameworks/CoreText.framework/Versions/A/CoreText
0x00007fff333a5000 	/System/Library/Frameworks/ImageIO.framework/Versions/A/ImageIO
0x00007fff6769e000 	/usr/lib/libc++.1.dylib
0x00007fff6771a000 	/usr/lib/libcompression.dylib
0x00007fff67226000 	/usr/lib/libMobileGestalt.dylib
0x00007fff61137000 	/System/Library/PrivateFrameworks/TextureIO.framework/Versions/A/TextureIO
0x00007fff6751d000 	/usr/lib/libate.dylib
0x00007fff555f5000 	/System/Library/PrivateFrameworks/InternationalSupport.framework/Versions/A/InternationalSupport
0x00007fff6a1b5000 	/usr/lib/system/libcache.dylib
0x00007fff6a1bb000 	/usr/lib/system/libcommonCrypto.dylib
0x00007fff6a1c7000 	/usr/lib/system/libcompiler_rt.dylib
0x00007fff6a1cf000 	/usr/lib/system/libcopyfile.dylib
0x00007fff6a1d9000 	/usr/lib/system/libcorecrypto.dylib
0x00007fff6a378000 	/usr/lib/system/libdispatch.dylib
0x00007fff6a3b9000 	/usr/lib/system/libdyld.dylib
0x00007fff6a3f0000 	/usr/lib/system/libkeymgr.dylib
0x00007fff6a3fe000 	/usr/lib/system/liblaunch.dylib
0x00007fff6a3ff000 	/usr/lib/system/libmacho.dylib
0x00007fff6a405000 	/usr/lib/system/libquarantine.dylib
0x00007fff6a408000 	/usr/lib/system/libremovefile.dylib
0x00007fff6a40a000 	/usr/lib/system/libsystem_asl.dylib
0x00007fff6a422000 	/usr/lib/system/libsystem_blocks.dylib
0x00007fff6a423000 	/usr/lib/system/libsystem_c.dylib
0x00007fff6a4ab000 	/usr/lib/system/libsystem_configuration.dylib
0x00007fff6a4af000 	/usr/lib/system/libsystem_coreservices.dylib
0x00007fff6a4b3000 	/usr/lib/system/libsystem_darwin.dylib
0x00007fff6a4bc000 	/usr/lib/system/libsystem_dnssd.dylib
0x00007fff6a4c4000 	/usr/lib/system/libsystem_featureflags.dylib
0x00007fff6a4c6000 	/usr/lib/system/libsystem_info.dylib
0x00007fff6a541000 	/usr/lib/system/libsystem_m.dylib
0x00007fff6a589000 	/usr/lib/system/libsystem_malloc.dylib
0x00007fff6a5b1000 	/usr/lib/system/libsystem_networkextension.dylib
0x00007fff6a5bf000 	/usr/lib/system/libsystem_notify.dylib
0x00007fff6a5dd000 	/usr/lib/system/libsystem_sandbox.dylib
0x00007fff6a5e2000 	/usr/lib/system/libsystem_secinit.dylib
0x00007fff6a514000 	/usr/lib/system/libsystem_kernel.dylib
0x00007fff6a5c9000 	/usr/lib/system/libsystem_platform.dylib
0x00007fff6a5d2000 	/usr/lib/system/libsystem_pthread.dylib
0x00007fff6a5e5000 	/usr/lib/system/libsystem_symptoms.dylib
0x00007fff6a5ed000 	/usr/lib/system/libsystem_trace.dylib
0x00007fff6a605000 	/usr/lib/system/libunwind.dylib
0x00007fff6a60b000 	/usr/lib/system/libxpc.dylib
0x00007fff676f1000 	/usr/lib/libc++abi.dylib
0x00007fff684f5000 	/usr/lib/liblzma.5.dylib
0x00007fff68170000 	/usr/lib/libfakelink.dylib
0x00007fff674aa000 	/usr/lib/libarchive.2.dylib
0x00007fff3de81000 	/System/Library/Frameworks/SystemConfiguration.framework/Versions/A/SystemConfiguration
0x00007fff66e15000 	/usr/lib/libCRFSuite.dylib
0x00007fff2ece8000 	/System/Library/Frameworks/CFNetwork.framework/Versions/A/CFNetwork
0x00007fff67680000 	/usr/lib/libbsm.0.dylib
0x00007fff6a3f1000 	/usr/lib/system/libkxld.dylib
0x00007fff43c3b000 	/System/Library/PrivateFrameworks/AppleFSCompression.framework/Versions/A/AppleFSCompression
0x00007fff67a0b000 	/usr/lib/libcoretls.dylib
0x00007fff67a22000 	/usr/lib/libcoretls_cfhelpers.dylib
0x00007fff6925e000 	/usr/lib/libpam.2.dylib
0x00007fff69393000 	/usr/lib/libsqlite3.dylib
0x00007fff697d2000 	/usr/lib/libxar.1.dylib
0x00007fff67691000 	/usr/lib/libbz2.1.0.dylib
0x00007fff68191000 	/usr/lib/libiconv.2.dylib
0x00007fff67707000 	/usr/lib/libcharset.1.dylib
0x00007fff68cfb000 	/usr/lib/libnetwork.dylib
0x00007fff69265000 	/usr/lib/libpcap.A.dylib
0x00007fff6745f000 	/usr/lib/libapple_nghttp2.dylib
0x00007fff31c18000 	/System/Library/Frameworks/CoreServices.framework/Versions/A/Frameworks/FSEvents.framework/Versions/A/FSEvents
0x00007fff318e8000 	/System/Library/Frameworks/CoreServices.framework/Versions/A/Frameworks/CarbonCore.framework/Versions/A/CarbonCore
0x00007fff31e5c000 	/System/Library/Frameworks/CoreServices.framework/Versions/A/Frameworks/Metadata.framework/Versions/A/Metadata
0x00007fff31ef5000 	/System/Library/Frameworks/CoreServices.framework/Versions/A/Frameworks/OSServices.framework/Versions/A/OSServices
0x00007fff31f23000 	/System/Library/Frameworks/CoreServices.framework/Versions/A/Frameworks/SearchKit.framework/Versions/A/SearchKit
0x00007fff31862000 	/System/Library/Frameworks/CoreServices.framework/Versions/A/Frameworks/AE.framework/Versions/A/AE
0x00007fff31c21000 	/System/Library/Frameworks/CoreServices.framework/Versions/A/Frameworks/LaunchServices.framework/Versions/A/LaunchServices
0x00007fff31bca000 	/System/Library/Frameworks/CoreServices.framework/Versions/A/Frameworks/DictionaryServices.framework/Versions/A/DictionaryServices
0x00007fff31f8b000 	/System/Library/Frameworks/CoreServices.framework/Versions/A/Frameworks/SharedFileList.framework/Versions/A/SharedFileList
0x00007fff36e1c000 	/System/Library/Frameworks/NetFS.framework/Versions/A/NetFS
0x00007fff5796c000 	/System/Library/PrivateFrameworks/NetAuth.framework/Versions/A/NetAuth
0x00007fff642f5000 	/System/Library/PrivateFrameworks/login.framework/Versions/A/Frameworks/loginsupport.framework/Versions/A/loginsupport
0x00007fff60c02000 	/System/Library/PrivateFrameworks/TCC.framework/Versions/A/TCC
0x00007fff4886c000 	/System/Library/PrivateFrameworks/CoreNLP.framework/Versions/A/CoreNLP
0x00007fff56e69000 	/System/Library/PrivateFrameworks/MetadataUtilities.framework/Versions/A/MetadataUtilities
0x00007fff685cd000 	/usr/lib/libmecabra.dylib
0x00007fff68525000 	/usr/lib/libmecab.dylib
0x00007fff68181000 	/usr/lib/libgermantok.dylib
0x00007fff67446000 	/usr/lib/libThaiTokenizer.dylib
0x00007fff66e4c000 	/usr/lib/libChineseTokenizer.dylib
0x00007fff2c118000 	/System/Library/Frameworks/Accelerate.framework/Versions/A/Frameworks/vImage.framework/Versions/A/vImage
0x00007fff2d582000 	/System/Library/Frameworks/Accelerate.framework/Versions/A/Frameworks/vecLib.framework/Versions/A/vecLib
0x00007fff2d4bf000 	/System/Library/Frameworks/Accelerate.framework/Versions/A/Frameworks/vecLib.framework/Versions/A/libvMisc.dylib
0x00007fff2d2e7000 	/System/Library/Frameworks/Accelerate.framework/Versions/A/Frameworks/vecLib.framework/Versions/A/libvDSP.dylib
0x00007fff2c76f000 	/System/Library/Frameworks/Accelerate.framework/Versions/A/Frameworks/vecLib.framework/Versions/A/libBLAS.dylib
0x00007fff2ceab000 	/System/Library/Frameworks/Accelerate.framework/Versions/A/Frameworks/vecLib.framework/Versions/A/libLAPACK.dylib
0x00007fff2d247000 	/System/Library/Frameworks/Accelerate.framework/Versions/A/Frameworks/vecLib.framework/Versions/A/libLinearAlgebra.dylib
0x00007fff2d2d4000 	/System/Library/Frameworks/Accelerate.framework/Versions/A/Frameworks/vecLib.framework/Versions/A/libSparseBLAS.dylib
0x00007fff2d25d000 	/System/Library/Frameworks/Accelerate.framework/Versions/A/Frameworks/vecLib.framework/Versions/A/libQuadrature.dylib
0x00007fff2c9d7000 	/System/Library/Frameworks/Accelerate.framework/Versions/A/Frameworks/vecLib.framework/Versions/A/libBNNS.dylib
0x00007fff2d263000 	/System/Library/Frameworks/Accelerate.framework/Versions/A/Frameworks/vecLib.framework/Versions/A/libSparse.dylib
0x00007fff559dd000 	/System/Library/PrivateFrameworks/LanguageModeling.framework/Versions/A/LanguageModeling
0x00007fff4821c000 	/System/Library/PrivateFrameworks/CoreEmoji.framework/Versions/A/CoreEmoji
0x00007fff55afb000 	/System/Library/PrivateFrameworks/LinguisticData.framework/Versions/A/LinguisticData
0x00007fff55aac000 	/System/Library/PrivateFrameworks/Lexicon.framework/Versions/A/Lexicon
0x00007fff67708000 	/usr/lib/libcmph.dylib
0x00007fff39a0b000 	/System/Library/Frameworks/OpenDirectory.framework/Versions/A/Frameworks/CFOpenDirectory.framework/Versions/A/CFOpenDirectory
0x00007fff39a28000 	/System/Library/Frameworks/OpenDirectory.framework/Versions/A/OpenDirectory
0x00007fff41e6b000 	/System/Library/PrivateFrameworks/APFS.framework/Versions/A/APFS
0x00007fff3d11a000 	/System/Library/Frameworks/SecurityFoundation.framework/Versions/A/SecurityFoundation
0x00007fff697ce000 	/usr/lib/libutil.dylib
0x00007fff49751000 	/System/Library/PrivateFrameworks/CoreServicesStore.framework/Versions/A/CoreServicesStore
0x00007fff3d1d1000 	/System/Library/Frameworks/ServiceManagement.framework/Versions/A/ServiceManagement
0x00007fff4540b000 	/System/Library/PrivateFrameworks/BackgroundTaskManagement.framework/Versions/A/BackgroundTaskManagement
0x00007fff698cb000 	/usr/lib/libxslt.1.dylib
0x00007fff442ae000 	/System/Library/PrivateFrameworks/AppleSystemInfo.framework/Versions/A/AppleSystemInfo
0x00007fff335c0000 	/System/Library/Frameworks/ImageIO.framework/Versions/A/Resources/libJPEG.dylib
0x00007fff3387f000 	/System/Library/Frameworks/ImageIO.framework/Versions/A/Resources/libTIFF.dylib
0x00007fff33862000 	/System/Library/Frameworks/ImageIO.framework/Versions/A/Resources/libPng.dylib
0x00007fff33502000 	/System/Library/Frameworks/ImageIO.framework/Versions/A/Resources/libGIF.dylib
0x00007fff33506000 	/System/Library/Frameworks/ImageIO.framework/Versions/A/Resources/libJP2.dylib
0x00007fff3387d000 	/System/Library/Frameworks/ImageIO.framework/Versions/A/Resources/libRadiance.dylib
0x00007fff6814a000 	/usr/lib/libexpat.1.dylib
0x00007fff43d96000 	/System/Library/PrivateFrameworks/AppleJPEG.framework/Versions/A/AppleJPEG
0x00007fff4ca51000 	/System/Library/PrivateFrameworks/FontServices.framework/libFontParser.dylib
0x00007fff632f7000 	/System/Library/PrivateFrameworks/WatchdogClient.framework/Versions/A/WatchdogClient
0x00007fff55038000 	/System/Library/PrivateFrameworks/IOAccelerator.framework/Versions/A/IOAccelerator
0x00007fff35d8c000 	/System/Library/Frameworks/MetalPerformanceShaders.framework/Versions/A/MetalPerformanceShaders
0x00007fff517ce000 	/System/Library/PrivateFrameworks/GPUWrangler.framework/Versions/A/GPUWrangler
0x00007fff5504d000 	/System/Library/PrivateFrameworks/IOPresentment.framework/Versions/A/IOPresentment
0x00007fff4a2d1000 	/System/Library/PrivateFrameworks/DSExternalDisplay.framework/Versions/A/DSExternalDisplay
0x00007fff3a39c000 	/System/Library/Frameworks/OpenGL.framework/Versions/A/Libraries/libCoreFSCache.dylib
0x00007fff35ad8000 	/System/Library/Frameworks/MetalPerformanceShaders.framework/Frameworks/MPSCore.framework/Versions/A/MPSCore
0x00007fff35b16000 	/System/Library/Frameworks/MetalPerformanceShaders.framework/Frameworks/MPSImage.framework/Versions/A/MPSImage
0x00007fff35bdd000 	/System/Library/Frameworks/MetalPerformanceShaders.framework/Frameworks/MPSNeuralNetwork.framework/Versions/A/MPSNeuralNetwork
0x00007fff35ba1000 	/System/Library/Frameworks/MetalPerformanceShaders.framework/Frameworks/MPSMatrix.framework/Versions/A/MPSMatrix
0x00007fff35d3c000 	/System/Library/Frameworks/MetalPerformanceShaders.framework/Frameworks/MPSRayIntersector.framework/Versions/A/MPSRayIntersector
0x00007fff35bc7000 	/System/Library/Frameworks/MetalPerformanceShaders.framework/Frameworks/MPSNDArray.framework/Versions/A/MPSNDArray
0x00007fff56eb6000 	/System/Library/PrivateFrameworks/MetalTools.framework/Versions/A/MetalTools
0x00007fff43045000 	/System/Library/PrivateFrameworks/AggregateDictionary.framework/Versions/A/AggregateDictionary
0x00007fff47c64000 	/System/Library/PrivateFrameworks/CoreAnalytics.framework/Versions/A/CoreAnalytics
0x00007fff441cd000 	/System/Library/PrivateFrameworks/AppleSauce.framework/Versions/A/AppleSauce
0x00007fff67108000 	/usr/lib/libIOReport.dylib
0x00007fff3248c000 	/System/Library/Frameworks/CoreVideo.framework/Versions/A/CoreVideo
0x00007fff52c47000 	/System/Library/PrivateFrameworks/GraphVisualizer.framework/Versions/A/GraphVisualizer
0x00007fff4bf97000 	/System/Library/PrivateFrameworks/FaceCore.framework/Versions/A/FaceCore
0x00007fff399b2000 	/System/Library/Frameworks/OpenCL.framework/Versions/A/OpenCL
0x00007fff66f2a000 	/usr/lib/libFosl_dynamic.dylib
0x00007fff5838c000 	/System/Library/PrivateFrameworks/OTSVG.framework/Versions/A/OTSVG
0x00007fff2e641000 	/System/Library/Frameworks/ApplicationServices.framework/Versions/A/Frameworks/ATS.framework/Versions/A/Resources/libFontRegistry.dylib
0x00007fff4cc22000 	/System/Library/PrivateFrameworks/FontServices.framework/libhvf.dylib
0x00007fff3a3a7000 	/System/Library/Frameworks/OpenGL.framework/Versions/A/Libraries/libGFXShared.dylib
0x00007fff3a585000 	/System/Library/Frameworks/OpenGL.framework/Versions/A/Libraries/libGLU.dylib
0x00007fff3a3b0000 	/System/Library/Frameworks/OpenGL.framework/Versions/A/Libraries/libGL.dylib
0x00007fff3a3bb000 	/System/Library/Frameworks/OpenGL.framework/Versions/A/Libraries/libGLImage.dylib
0x00007fff3a399000 	/System/Library/Frameworks/OpenGL.framework/Versions/A/Libraries/libCVMSPluginSupport.dylib
0x00007fff3a3a2000 	/System/Library/Frameworks/OpenGL.framework/Versions/A/Libraries/libCoreVMClient.dylib
0x00007fff68b9c000 	/usr/lib/libncurses.5.4.dylib
0x00007fff2e53d000 	/System/Library/Frameworks/ApplicationServices.framework/Versions/A/Frameworks/ATS.framework/Versions/A/ATS
0x00007fff2e70a000 	/System/Library/Frameworks/ApplicationServices.framework/Versions/A/Frameworks/ColorSyncLegacy.framework/Versions/A/ColorSyncLegacy
0x00007fff2e7a8000 	/System/Library/Frameworks/ApplicationServices.framework/Versions/A/Frameworks/HIServices.framework/Versions/A/HIServices
0x00007fff2e800000 	/System/Library/Frameworks/ApplicationServices.framework/Versions/A/Frameworks/LangAnalysis.framework/Versions/A/LangAnalysis
0x00007fff2e80f000 	/System/Library/Frameworks/ApplicationServices.framework/Versions/A/Frameworks/PrintCore.framework/Versions/A/PrintCore
0x00007fff2e855000 	/System/Library/Frameworks/ApplicationServices.framework/Versions/A/Frameworks/QD.framework/Versions/A/QD
0x00007fff2e860000 	/System/Library/Frameworks/ApplicationServices.framework/Versions/A/Frameworks/SpeechSynthesis.framework/Versions/A/SpeechSynthesis
0x00007fff2e6da000 	/System/Library/Frameworks/ApplicationServices.framework/Versions/A/Frameworks/ATSUI.framework/Versions/A/ATSUI
0x00007fff67fe0000 	/usr/lib/libcups.2.dylib
0x00007fff34e27000 	/System/Library/Frameworks/Kerberos.framework/Versions/A/Kerberos
0x00007fff32f68000 	/System/Library/Frameworks/GSS.framework/Versions/A/GSS
0x00007fff6931f000 	/usr/lib/libresolv.9.dylib
0x00007fff52df4000 	/System/Library/PrivateFrameworks/Heimdal.framework/Versions/A/Heimdal
0x00007fff34e3a000 	/System/Library/Frameworks/Kerberos.framework/Versions/A/Libraries/libHeimdalProxy.dylib
0x00007fff68187000 	/usr/lib/libheimdal-asn1.dylib
0x00007fff470fc000 	/System/Library/PrivateFrameworks/CommonAuth.framework/Versions/A/CommonAuth
0x00007fff4434b000 	/System/Library/PrivateFrameworks/AssertionServices.framework/Versions/A/AssertionServices
0x00007fff44eee000 	/System/Library/PrivateFrameworks/AudioToolboxCore.framework/Versions/A/AudioToolboxCore
0x00007fff63fa5000 	/System/Library/PrivateFrameworks/caulk.framework/Versions/A/caulk
0x00007fff454b7000 	/System/Library/PrivateFrameworks/BaseBoard.framework/Versions/A/BaseBoard
0x00007fff5c5ef000 	/System/Library/PrivateFrameworks/RunningBoardServices.framework/Versions/A/RunningBoardServices
0x00007fff59600000 	/System/Library/PrivateFrameworks/PersistentConnection.framework/Versions/A/PersistentConnection
0x00007fff5bfe8000 	/System/Library/PrivateFrameworks/ProtocolBuffer.framework/Versions/A/ProtocolBuffer
0x00007fff47120000 	/System/Library/PrivateFrameworks/CommonUtilities.framework/Versions/A/CommonUtilities
0x00007fff45645000 	/System/Library/PrivateFrameworks/Bom.framework/Versions/A/Bom
0x00007fff66ddb000 	/usr/lib/libAudioToolboxUtility.dylib
0x00007fff45415000 	/System/Library/PrivateFrameworks/Backup.framework/Versions/A/Backup
0x00007fff4a1f2000 	/System/Library/PrivateFrameworks/CrashReporterSupport.framework/Versions/A/CrashReporterSupport
0x00007fff5e081000 	/System/Library/PrivateFrameworks/Sharing.framework/Versions/A/Sharing
0x00007fff43959000 	/System/Library/PrivateFrameworks/Apple80211.framework/Versions/A/Apple80211
0x00007fff45132000 	/System/Library/PrivateFrameworks/AuthKit.framework/Versions/A/AuthKit
0x00007fff49eff000 	/System/Library/PrivateFrameworks/CoreUtils.framework/Versions/A/CoreUtils
0x00007fff324d1000 	/System/Library/Frameworks/CoreWLAN.framework/Versions/A/CoreWLAN
0x00007fff330f5000 	/System/Library/Frameworks/IOBluetooth.framework/Versions/A/IOBluetooth
0x00007fff571bb000 	/System/Library/PrivateFrameworks/MobileKeyBag.framework/Versions/A/MobileKeyBag
0x00007fff48d04000 	/System/Library/PrivateFrameworks/CorePhoneNumbers.framework/Versions/A/CorePhoneNumbers
0x00007fff43d49000 	/System/Library/PrivateFrameworks/AppleIDAuthSupport.framework/Versions/A/AppleIDAuthSupport
0x00007fff36e29000 	/System/Library/Frameworks/Network.framework/Versions/A/Network
0x00007fff55889000 	/System/Library/PrivateFrameworks/KeychainCircle.framework/Versions/A/KeychainCircle
0x00007fff2ff22000 	/System/Library/Frameworks/CoreBluetooth.framework/Versions/A/CoreBluetooth
0x00007fff60100000 	/System/Library/PrivateFrameworks/SpeechRecognitionCore.framework/Versions/A/SpeechRecognitionCore
0x00007fff23544000 	/System/Library/CoreServices/Encodings/libSimplifiedChineseConverter.dylib
0x0000000108a00000 	/Library/Java/JavaVirtualMachines/jdk1.8.0_212.jdk/Contents/Home/jre/lib/server/libjvm.dylib
0x00007fff696a1000 	/usr/lib/libstdc++.6.dylib
0x00000001080be000 	/Library/Java/JavaVirtualMachines/jdk1.8.0_212.jdk/Contents/Home/jre/lib/libverify.dylib
0x00000001080cc000 	/Library/Java/JavaVirtualMachines/jdk1.8.0_212.jdk/Contents/Home/jre/lib/libjava.dylib
0x0000000108103000 	/Library/Java/JavaVirtualMachines/jdk1.8.0_212.jdk/Contents/Home/jre/lib/libjdwp.dylib
0x000000010814e000 	/Library/Java/JavaVirtualMachines/jdk1.8.0_212.jdk/Contents/Home/jre/lib/libnpt.dylib
0x0000000108152000 	/Library/Java/JavaVirtualMachines/jdk1.8.0_212.jdk/Contents/Home/jre/lib/libinstrument.dylib
0x00000001081be000 	/Library/Java/JavaVirtualMachines/jdk1.8.0_212.jdk/Contents/Home/jre/lib/libzip.dylib
0x00000001081d7000 	/Library/Java/JavaVirtualMachines/jdk1.8.0_212.jdk/Contents/Home/jre/lib/libdt_socket.dylib

VM Arguments:
jvm_args: -agentlib:jdwp=transport=dt_socket,suspend=y,address=localhost:54425 -javaagent:/Applications/SpringToolSuite4.app/Contents/Eclipse/configuration/org.eclipse.osgi/235/0/.cp/lib/javaagent-shaded.jar -Dfile.encoding=UTF-8 
java_command: com.java.plus.lambda.test.CoupangCode
java_class_path (initial): /Users/apple/git/java-plus/java-plus-lambda/target/test-classes:/Users/apple/git/java-plus/java-plus-lambda/target/classes:/Users/apple/.m2/repository/junit/junit/3.8.1/junit-3.8.1.jar:/Users/apple/.m2/repository/org/springframework/boot/spring-boot-starter/2.1.6.RELEASE/spring-boot-starter-2.1.6.RELEASE.jar:/Users/apple/.m2/repository/org/springframework/boot/spring-boot/2.1.6.RELEASE/spring-boot-2.1.6.RELEASE.jar:/Users/apple/.m2/repository/org/springframework/spring-context/5.1.8.RELEASE/spring-context-5.1.8.RELEASE.jar:/Users/apple/.m2/repository/org/springframework/boot/spring-boot-autoconfigure/2.1.6.RELEASE/spring-boot-autoconfigure-2.1.6.RELEASE.jar:/Users/apple/.m2/repository/org/springframework/boot/spring-boot-starter-logging/2.1.6.RELEASE/spring-boot-starter-logging-2.1.6.RELEASE.jar:/Users/apple/.m2/repository/ch/qos/logback/logback-classic/1.2.3/logback-classic-1.2.3.jar:/Users/apple/.m2/repository/ch/qos/logback/logback-core/1.2.3/logback-core-1.2.3.jar:/Users/apple/.m2/repository/org/apache/logging/log4j/log4j-to-slf4j/2.11.2/log4j-to-slf4j-2.11.2.jar:/Users/apple/.m2/repository/org/slf4j/jul-to-slf4j/1.7.26/jul-to-slf4j-1.7.26.jar:/Users/apple/.m2/repository/javax/annotation/javax.annotation-api/1.3.2/javax.annotation-api-1.3.2.jar:/Users/apple/.m2/repository/org/springframework/spring-core/5.1.8.RELEASE/spring-core-5.1.8.RELEASE.jar:/Users/apple/.m2/repository/org/springframework/spring-jcl/5.1.8.RELEASE/spring-jcl-5.1.8.RELEASE.jar:/Users/apple/.m2/repository/org/yaml/snakeyaml/1.23/snakeyaml-1.23.jar:/Users/apple/.m2/repository/org/springframework/boot/spring-boot-starter-test/2.1.6.RELEASE/spring-boot-starter-test-2.1.6.RELEASE.jar:/Users/apple/.m2/repository/org/springframework/boot/spring-boot-test/2.1.6.RELEASE/spring-boot-test-2.1.6.RELEASE.jar:/Users/apple/.m2/repository/org/springframework/boot/spring-boot-test-autoconfigure/2.1.6.RELEASE/spring-boot-test-autoconfigure-2.1.6.RELEASE.jar:/Users/apple/.m2/reposit
Launcher Type: SUN_STANDARD

Environment Variables:
PATH=/usr/bin:/bin:/usr/sbin:/sbin
SHELL=/bin/zsh

Signal Handlers:
SIGSEGV: [libjvm.dylib+0x5b71a7], sa_mask[0]=11111111011111110111111111111111, sa_flags=SA_ONSTACK|SA_RESTART|SA_SIGINFO
SIGBUS: [libjvm.dylib+0x5b71a7], sa_mask[0]=11111111011111110111111111111111, sa_flags=SA_RESTART|SA_SIGINFO
SIGFPE: [libjvm.dylib+0x48c8fc], sa_mask[0]=11111111011111110111111111111111, sa_flags=SA_RESTART|SA_SIGINFO
SIGPIPE: [libjvm.dylib+0x48c8fc], sa_mask[0]=11111111011111110111111111111111, sa_flags=SA_RESTART|SA_SIGINFO
SIGXFSZ: [libjvm.dylib+0x48c8fc], sa_mask[0]=11111111011111110111111111111111, sa_flags=SA_RESTART|SA_SIGINFO
SIGILL: [libjvm.dylib+0x48c8fc], sa_mask[0]=11111111011111110111111111111111, sa_flags=SA_RESTART|SA_SIGINFO
SIGUSR1: SIG_DFL, sa_mask[0]=00000000000000000000000000000000, sa_flags=none
SIGUSR2: [libjvm.dylib+0x48c41a], sa_mask[0]=00100000000000000000000000000000, sa_flags=SA_RESTART|SA_SIGINFO
SIGHUP: [libjvm.dylib+0x48a9a5], sa_mask[0]=11111111011111110111111111111111, sa_flags=SA_RESTART|SA_SIGINFO
SIGINT: [libjvm.dylib+0x48a9a5], sa_mask[0]=11111111011111110111111111111111, sa_flags=SA_RESTART|SA_SIGINFO
SIGTERM: [libjvm.dylib+0x48a9a5], sa_mask[0]=11111111011111110111111111111111, sa_flags=SA_RESTART|SA_SIGINFO
SIGQUIT: [libjvm.dylib+0x48a9a5], sa_mask[0]=11111111011111110111111111111111, sa_flags=SA_RESTART|SA_SIGINFO


---------------  S Y S T E M  ---------------

OS:Bsduname:Darwin 19.6.0 Darwin Kernel Version 19.6.0: Mon Aug 31 22:12:52 PDT 2020; root:xnu-6153.141.2~1/RELEASE_X86_64 x86_64
rlimit: STACK 8192k, CORE 0k, NPROC 2784, NOFILE 10240, AS infinity
load average:3.50 2.87 2.85

CPU:total 4 (initial active 4) (2 cores per cpu, 2 threads per core) family 6 model 142 stepping 9, cmov, cx8, fxsr, mmx, sse, sse2, sse3, ssse3, sse4.1, sse4.2, popcnt, avx, avx2, aes, clmul, erms, 3dnowpref, lzcnt, ht, tsc, tscinvbit, bmi1, bmi2, adx

Memory: 4k page, physical 16777216k(1758776k free)

/proc/meminfo:


vm_info: Java HotSpot(TM) 64-Bit Server VM (25.212-b10) for bsd-amd64 JRE (1.8.0_212-b10), built on Apr  1 2019 23:10:56 by "java_re" with gcc 4.2.1 (Based on Apple Inc. build 5658) (LLVM build 2336.11.00)

time: Mon Feb  8 14:38:45 2021
timezone: CST
elapsed time: 45 seconds (0d 0h 0m 45s)

